<?xml version="1.0" encoding="UTF-8"?>
<testsuite name="Academy Choucair" tests="1" skipped="0" failures="0" errors="0" timestamp="2021-11-21T14:08:24" hostname="luispc" time="142.659">
  <properties/>
  <testcase name="Registrar en el sitio Utest" classname="Academy Choucair" time="142.659"/>
  <system-out><![CDATA[]]></system-out>
  <system-err><![CDATA[[Test worker] WARN net.thucydides.core.steps.BaseStepListener - stepStarted: net.thucydides.core.steps.ExecutedStepDescription@3dfc14f
[Test worker] WARN net.thucydides.core.steps.BaseStepListener - stepStarted: net.thucydides.core.steps.ExecutedStepDescription@a1772fe
[Test worker] WARN net.thucydides.core.steps.BaseStepListener - stepStarted: net.thucydides.core.steps.ExecutedStepDescription@3ca8ec6a
nov 21, 2021 9:08:35 AM org.openqa.selenium.remote.DesiredCapabilities chrome
INFORMACIÓN: Using `new ChromeOptions()` is preferred to `DesiredCapabilities.chrome()`
[Test worker] INFO net.serenitybdd.core.webdriver.driverproviders.ProvideNewDriver - Instantiating driver
[Test worker] INFO net.serenitybdd.core.webdriver.driverproviders.ProvideNewDriver - Driver capabilities: Capabilities {acceptInsecureCerts: false, browserName: chrome, chrome.switches: --start-maximized, goog:chromeOptions: {args: [--start-maximized], extensions: []}, loggingPrefs: org.openqa.selenium.logging..., platform: ANY, version: }
Starting ChromeDriver 96.0.4664.45 (76e4c1bb2ab4671b8beba3444e61c0f17584b2fc-refs/branch-heads/4664@{#947}) on port 11019
Only local connections are allowed.
Please see https://chromedriver.chromium.org/security-considerations for suggestions on keeping ChromeDriver safe.
ChromeDriver was started successfully.
nov 21, 2021 9:08:57 AM org.openqa.selenium.remote.ProtocolHandshake createSession
INFORMACIÓN: Detected dialect: W3C
[Test worker] WARN net.thucydides.core.steps.BaseStepListener - stepFinished: current outcome:Registrar en el sitio Utest:Given Luis quiere registrarse en el sitio Utest [Luis open up [Luis opens the Utest page]]
[Test worker] WARN net.thucydides.core.steps.BaseStepListener - stepFinished: current outcome:Registrar en el sitio Utest:Given Luis quiere registrarse en el sitio Utest [Luis open up [Luis opens the Utest page]]
[Test worker] WARN net.thucydides.core.steps.BaseStepListener - stepFinished: current outcome:Registrar en el sitio Utest:Given Luis quiere registrarse en el sitio Utest [Luis open up [Luis opens the Utest page]]
[Test worker] WARN net.thucydides.core.steps.BaseStepListener - stepStarted: net.thucydides.core.steps.ExecutedStepDescription@10f228a
[Test worker] WARN net.thucydides.core.steps.BaseStepListener - stepFinished: current outcome:Registrar en el sitio Utest:Given Luis quiere registrarse en el sitio Utest [Luis open up [Luis opens the Utest page]], When inicia el proceso de registro en Utest
[Test worker] WARN net.thucydides.core.steps.BaseStepListener - stepStarted: net.thucydides.core.steps.ExecutedStepDescription@5e981c4b
[Test worker] WARN net.thucydides.core.steps.BaseStepListener - stepFinished: current outcome:Registrar en el sitio Utest:Given Luis quiere registrarse en el sitio Utest [Luis open up [Luis opens the Utest page]], When inicia el proceso de registro en Utest, Then verifica el proceso final de registro
[Test worker] WARN net.thucydides.core.steps.BaseStepListener - testFinished: Registrar en el sitio Utest:Given Luis quiere registrarse en el sitio Utest [Luis open up [Luis opens the Utest page]], When inicia el proceso de registro en Utest, Then verifica el proceso final de registro
[Test worker] WARN net.thucydides.core.steps.BaseStepListener - TestOutcomes: [Registrar en el sitio Utest:Given Luis quiere registrarse en el sitio Utest [Luis open up [Luis opens the Utest page]], When inicia el proceso de registro en Utest, Then verifica el proceso final de registro]
[Test worker] WARN net.thucydides.core.steps.BaseStepListener - Final testOutcomes: [Registrar en el sitio Utest:Given Luis quiere registrarse en el sitio Utest [Luis open up [Luis opens the Utest page]], When inicia el proceso de registro en Utest, Then verifica el proceso final de registro]
[Test worker] INFO net.thucydides.core.steps.ConsoleLoggingListener - 
        __    _____ _____ ____ _____   ____   _    ____  ____  _____ ____  
  _     \ \  |_   _| ____/ ___|_   _| |  _ \ / \  / ___|/ ___|| ____|  _ \ 
 (_)_____| |   | | |  _| \___ \ | |   | |_) / _ \ \___ \\___ \|  _| | | | |
  _|_____| |   | | | |___ ___) || |   |  __/ ___ \ ___) |___) | |___| |_| |
 (_)     | |   |_| |_____|____/ |_|   |_| /_/   \_\____/|____/|_____|____/ 
        /_/                                                                

TEST PASSED: Registrar en el sitio Utest
----------------------------------------------------------------------------
]]></system-err>
</testsuite>
