<?xml version="1.0" encoding="UTF-8"?>
<testsuite name="Academy Choucair" tests="1" skipped="0" failures="0" errors="0" timestamp="2021-11-21T18:27:12" hostname="luispc" time="89.035">
  <properties/>
  <testcase name="Registrar en el sitio Utest" classname="Academy Choucair" time="89.035"/>
  <system-out><![CDATA[Local June
5
June
]]></system-out>
  <system-err><![CDATA[[Test worker] WARN net.thucydides.core.steps.BaseStepListener - stepStarted: net.thucydides.core.steps.ExecutedStepDescription@58772072
[Test worker] WARN net.thucydides.core.steps.BaseStepListener - stepStarted: net.thucydides.core.steps.ExecutedStepDescription@10f9a4b2
[Test worker] WARN net.thucydides.core.steps.BaseStepListener - stepStarted: net.thucydides.core.steps.ExecutedStepDescription@5c3cd175
nov 21, 2021 1:27:17 PM org.openqa.selenium.remote.DesiredCapabilities chrome
INFORMACIÓN: Using `new ChromeOptions()` is preferred to `DesiredCapabilities.chrome()`
[Test worker] INFO net.serenitybdd.core.webdriver.driverproviders.ProvideNewDriver - Instantiating driver
[Test worker] INFO net.serenitybdd.core.webdriver.driverproviders.ProvideNewDriver - Driver capabilities: Capabilities {acceptInsecureCerts: false, browserName: chrome, chrome.switches: --start-maximized, goog:chromeOptions: {args: [--start-maximized], extensions: []}, loggingPrefs: org.openqa.selenium.logging..., platform: ANY, version: }
Starting ChromeDriver 96.0.4664.45 (76e4c1bb2ab4671b8beba3444e61c0f17584b2fc-refs/branch-heads/4664@{#947}) on port 37458
Only local connections are allowed.
Please see https://chromedriver.chromium.org/security-considerations for suggestions on keeping ChromeDriver safe.
ChromeDriver was started successfully.
nov 21, 2021 1:27:30 PM org.openqa.selenium.remote.ProtocolHandshake createSession
INFORMACIÓN: Detected dialect: W3C
[Test worker] WARN net.thucydides.core.steps.BaseStepListener - stepFinished: current outcome:Registrar en el sitio Utest:Given Luis quiere registrarse en el sitio Utest [Luis open up [Luis opens the Utest page]]
[Test worker] WARN net.thucydides.core.steps.BaseStepListener - stepFinished: current outcome:Registrar en el sitio Utest:Given Luis quiere registrarse en el sitio Utest [Luis open up [Luis opens the Utest page]]
[Test worker] WARN net.thucydides.core.steps.BaseStepListener - stepStarted: net.thucydides.core.steps.ExecutedStepDescription@694c85e1
[Test worker] WARN net.thucydides.core.steps.BaseStepListener - stepStarted: net.thucydides.core.steps.ExecutedStepDescription@360d1095
[Test worker] WARN net.thucydides.core.steps.BaseStepListener - stepFinished: current outcome:Registrar en el sitio Utest:Given Luis quiere registrarse en el sitio Utest [Luis open up [Luis opens the Utest page], Luis registro [Luis clicks on boton que nos muestra el formulario para iniciar sesion]]
[Test worker] WARN net.thucydides.core.steps.BaseStepListener - stepFinished: current outcome:Registrar en el sitio Utest:Given Luis quiere registrarse en el sitio Utest [Luis open up [Luis opens the Utest page], Luis registro [Luis clicks on boton que nos muestra el formulario para iniciar sesion]]
[Test worker] WARN net.thucydides.core.steps.BaseStepListener - stepFinished: current outcome:Registrar en el sitio Utest:Given Luis quiere registrarse en el sitio Utest [Luis open up [Luis opens the Utest page], Luis registro [Luis clicks on boton que nos muestra el formulario para iniciar sesion]]
[Test worker] WARN net.thucydides.core.steps.BaseStepListener - stepStarted: net.thucydides.core.steps.ExecutedStepDescription@a0b88fc
[Test worker] WARN net.thucydides.core.steps.BaseStepListener - stepStarted: net.thucydides.core.steps.ExecutedStepDescription@290e7de6
[Test worker] WARN net.thucydides.core.steps.BaseStepListener - stepStarted: net.thucydides.core.steps.ExecutedStepDescription@3fad3311
[Test worker] WARN net.thucydides.core.steps.BaseStepListener - stepFinished: current outcome:Registrar en el sitio Utest:Given Luis quiere registrarse en el sitio Utest [Luis open up [Luis opens the Utest page], Luis registro [Luis clicks on boton que nos muestra el formulario para iniciar sesion]], When inicia el proceso de registro en Utest
| strNombre | strApellido | strCorreo | strIdioma | strDia | strMes | strAno |
| Luis | Cuper | luis001fer@gmail.com | Spanish | 5 | June | 1997 | [Luis formulario [Luis enters 'Luis' into Donde escribimos el nombre del usuario]]
[Test worker] WARN net.thucydides.core.steps.BaseStepListener - stepStarted: net.thucydides.core.steps.ExecutedStepDescription@168829a7
[Test worker] WARN net.thucydides.core.steps.BaseStepListener - stepFinished: current outcome:Registrar en el sitio Utest:Given Luis quiere registrarse en el sitio Utest [Luis open up [Luis opens the Utest page], Luis registro [Luis clicks on boton que nos muestra el formulario para iniciar sesion]], When inicia el proceso de registro en Utest
| strNombre | strApellido | strCorreo | strIdioma | strDia | strMes | strAno |
| Luis | Cuper | luis001fer@gmail.com | Spanish | 5 | June | 1997 | [Luis formulario [Luis enters 'Luis' into Donde escribimos el nombre del usuario, Luis enters 'Cuper' into Donde escribimos el apellido del usuario]]
[Test worker] WARN net.thucydides.core.steps.BaseStepListener - stepStarted: net.thucydides.core.steps.ExecutedStepDescription@3031231d
[Test worker] WARN net.thucydides.core.steps.BaseStepListener - stepFinished: current outcome:Registrar en el sitio Utest:Given Luis quiere registrarse en el sitio Utest [Luis open up [Luis opens the Utest page], Luis registro [Luis clicks on boton que nos muestra el formulario para iniciar sesion]], When inicia el proceso de registro en Utest
| strNombre | strApellido | strCorreo | strIdioma | strDia | strMes | strAno |
| Luis | Cuper | luis001fer@gmail.com | Spanish | 5 | June | 1997 | [Luis formulario [Luis enters 'Luis' into Donde escribimos el nombre del usuario, Luis enters 'Cuper' into Donde escribimos el apellido del usuario, Luis enters 'luis001fer@gmail.com' into Donde escribimos el Correo del usuario]]
[Test worker] WARN net.thucydides.core.steps.BaseStepListener - stepStarted: net.thucydides.core.steps.ExecutedStepDescription@1de9af9c
[Test worker] WARN net.thucydides.core.steps.BaseStepListener - stepFinished: current outcome:Registrar en el sitio Utest:Given Luis quiere registrarse en el sitio Utest [Luis open up [Luis opens the Utest page], Luis registro [Luis clicks on boton que nos muestra el formulario para iniciar sesion]], When inicia el proceso de registro en Utest
| strNombre | strApellido | strCorreo | strIdioma | strDia | strMes | strAno |
| Luis | Cuper | luis001fer@gmail.com | Spanish | 5 | June | 1997 | [Luis formulario [Luis enters 'Luis' into Donde escribimos el nombre del usuario, Luis enters 'Cuper' into Donde escribimos el apellido del usuario, Luis enters 'luis001fer@gmail.com' into Donde escribimos el Correo del usuario, Luis enters 'Spanish' into Donde escribimos el idioma del usuario]]
[Test worker] WARN net.thucydides.core.steps.BaseStepListener - stepStarted: net.thucydides.core.steps.ExecutedStepDescription@7bde0471
[Test worker] WARN net.thucydides.core.steps.BaseStepListener - stepFinished: current outcome:Registrar en el sitio Utest:Given Luis quiere registrarse en el sitio Utest [Luis open up [Luis opens the Utest page], Luis registro [Luis clicks on boton que nos muestra el formulario para iniciar sesion]], When inicia el proceso de registro en Utest
| strNombre | strApellido | strCorreo | strIdioma | strDia | strMes | strAno |
| Luis | Cuper | luis001fer@gmail.com | Spanish | 5 | June | 1997 | [Luis formulario [Luis enters 'Luis' into Donde escribimos el nombre del usuario, Luis enters 'Cuper' into Donde escribimos el apellido del usuario, Luis enters 'luis001fer@gmail.com' into Donde escribimos el Correo del usuario, Luis enters 'Spanish' into Donde escribimos el idioma del usuario, Luis clicks on Clic idioma buscado]]
[Test worker] WARN net.thucydides.core.steps.BaseStepListener - stepStarted: net.thucydides.core.steps.ExecutedStepDescription@7d90c830
[Test worker] WARN net.thucydides.core.steps.BaseStepListener - stepFinished: current outcome:Registrar en el sitio Utest:Given Luis quiere registrarse en el sitio Utest [Luis open up [Luis opens the Utest page], Luis registro [Luis clicks on boton que nos muestra el formulario para iniciar sesion]], When inicia el proceso de registro en Utest
| strNombre | strApellido | strCorreo | strIdioma | strDia | strMes | strAno |
| Luis | Cuper | luis001fer@gmail.com | Spanish | 5 | June | 1997 | [Luis formulario [Luis enters 'Luis' into Donde escribimos el nombre del usuario, Luis enters 'Cuper' into Donde escribimos el apellido del usuario, Luis enters 'luis001fer@gmail.com' into Donde escribimos el Correo del usuario, Luis enters 'Spanish' into Donde escribimos el idioma del usuario, Luis clicks on Clic idioma buscado, Luis clicks on Click en Mes]]
[Test worker] WARN net.thucydides.core.steps.BaseStepListener - stepStarted: net.thucydides.core.steps.ExecutedStepDescription@42c3bf29
[Test worker] WARN net.thucydides.core.steps.BaseStepListener - stepFinished: current outcome:Registrar en el sitio Utest:Given Luis quiere registrarse en el sitio Utest [Luis open up [Luis opens the Utest page], Luis registro [Luis clicks on boton que nos muestra el formulario para iniciar sesion]], When inicia el proceso de registro en Utest
| strNombre | strApellido | strCorreo | strIdioma | strDia | strMes | strAno |
| Luis | Cuper | luis001fer@gmail.com | Spanish | 5 | June | 1997 | [Luis formulario [Luis enters 'Luis' into Donde escribimos el nombre del usuario, Luis enters 'Cuper' into Donde escribimos el apellido del usuario, Luis enters 'luis001fer@gmail.com' into Donde escribimos el Correo del usuario, Luis enters 'Spanish' into Donde escribimos el idioma del usuario, Luis clicks on Clic idioma buscado, Luis clicks on Click en Mes, Luis clicks on Selecciona Mes]]
[Test worker] WARN net.thucydides.core.steps.BaseStepListener - stepStarted: net.thucydides.core.steps.ExecutedStepDescription@3f3bd42b
[Test worker] WARN net.thucydides.core.steps.BaseStepListener - stepFinished: current outcome:Registrar en el sitio Utest:Given Luis quiere registrarse en el sitio Utest [Luis open up [Luis opens the Utest page], Luis registro [Luis clicks on boton que nos muestra el formulario para iniciar sesion]], When inicia el proceso de registro en Utest
| strNombre | strApellido | strCorreo | strIdioma | strDia | strMes | strAno |
| Luis | Cuper | luis001fer@gmail.com | Spanish | 5 | June | 1997 | [Luis formulario [Luis enters 'Luis' into Donde escribimos el nombre del usuario, Luis enters 'Cuper' into Donde escribimos el apellido del usuario, Luis enters 'luis001fer@gmail.com' into Donde escribimos el Correo del usuario, Luis enters 'Spanish' into Donde escribimos el idioma del usuario, Luis clicks on Clic idioma buscado, Luis clicks on Click en Mes, Luis clicks on Selecciona Mes, Luis clicks on Click en el dÃ­a de nacimiento]]
[Test worker] WARN net.thucydides.core.steps.BaseStepListener - stepStarted: net.thucydides.core.steps.ExecutedStepDescription@2e1d11
[Test worker] WARN net.thucydides.core.steps.BaseStepListener - stepFinished: current outcome:Registrar en el sitio Utest:Given Luis quiere registrarse en el sitio Utest [Luis open up [Luis opens the Utest page], Luis registro [Luis clicks on boton que nos muestra el formulario para iniciar sesion]], When inicia el proceso de registro en Utest
| strNombre | strApellido | strCorreo | strIdioma | strDia | strMes | strAno |
| Luis | Cuper | luis001fer@gmail.com | Spanish | 5 | June | 1997 | [Luis formulario [Luis enters 'Luis' into Donde escribimos el nombre del usuario, Luis enters 'Cuper' into Donde escribimos el apellido del usuario, Luis enters 'luis001fer@gmail.com' into Donde escribimos el Correo del usuario, Luis enters 'Spanish' into Donde escribimos el idioma del usuario, Luis clicks on Clic idioma buscado, Luis clicks on Click en Mes, Luis clicks on Selecciona Mes, Luis clicks on Click en el dÃ­a de nacimiento, Luis clicks on Selecciona DÃ­a]]
[Test worker] WARN net.thucydides.core.steps.BaseStepListener - stepStarted: net.thucydides.core.steps.ExecutedStepDescription@203334c8
[Test worker] WARN net.thucydides.core.steps.BaseStepListener - stepFinished: current outcome:Registrar en el sitio Utest:Given Luis quiere registrarse en el sitio Utest [Luis open up [Luis opens the Utest page], Luis registro [Luis clicks on boton que nos muestra el formulario para iniciar sesion]], When inicia el proceso de registro en Utest
| strNombre | strApellido | strCorreo | strIdioma | strDia | strMes | strAno |
| Luis | Cuper | luis001fer@gmail.com | Spanish | 5 | June | 1997 | [Luis formulario [Luis enters 'Luis' into Donde escribimos el nombre del usuario, Luis enters 'Cuper' into Donde escribimos el apellido del usuario, Luis enters 'luis001fer@gmail.com' into Donde escribimos el Correo del usuario, Luis enters 'Spanish' into Donde escribimos el idioma del usuario, Luis clicks on Clic idioma buscado, Luis clicks on Click en Mes, Luis clicks on Selecciona Mes, Luis clicks on Click en el dÃ­a de nacimiento, Luis clicks on Selecciona DÃ­a, Luis clicks on Click en el aÃ±o de nacimiento]]
[Test worker] WARN net.thucydides.core.steps.BaseStepListener - stepStarted: net.thucydides.core.steps.ExecutedStepDescription@7d045cb8
[Test worker] WARN net.thucydides.core.steps.BaseStepListener - stepFinished: current outcome:Registrar en el sitio Utest:Given Luis quiere registrarse en el sitio Utest [Luis open up [Luis opens the Utest page], Luis registro [Luis clicks on boton que nos muestra el formulario para iniciar sesion]], When inicia el proceso de registro en Utest
| strNombre | strApellido | strCorreo | strIdioma | strDia | strMes | strAno |
| Luis | Cuper | luis001fer@gmail.com | Spanish | 5 | June | 1997 | [Luis formulario [Luis enters 'Luis' into Donde escribimos el nombre del usuario, Luis enters 'Cuper' into Donde escribimos el apellido del usuario, Luis enters 'luis001fer@gmail.com' into Donde escribimos el Correo del usuario, Luis enters 'Spanish' into Donde escribimos el idioma del usuario, Luis clicks on Clic idioma buscado, Luis clicks on Click en Mes, Luis clicks on Selecciona Mes, Luis clicks on Click en el dÃ­a de nacimiento, Luis clicks on Selecciona DÃ­a, Luis clicks on Click en el aÃ±o de nacimiento, Luis clicks on Selecciona AÃ±o]]
[Test worker] WARN net.thucydides.core.steps.BaseStepListener - stepStarted: net.thucydides.core.steps.ExecutedStepDescription@6bd0ad30
[Test worker] WARN net.thucydides.core.steps.BaseStepListener - stepFinished: current outcome:Registrar en el sitio Utest:Given Luis quiere registrarse en el sitio Utest [Luis open up [Luis opens the Utest page], Luis registro [Luis clicks on boton que nos muestra el formulario para iniciar sesion]], When inicia el proceso de registro en Utest
| strNombre | strApellido | strCorreo | strIdioma | strDia | strMes | strAno |
| Luis | Cuper | luis001fer@gmail.com | Spanish | 5 | June | 1997 | [Luis formulario [Luis enters 'Luis' into Donde escribimos el nombre del usuario, Luis enters 'Cuper' into Donde escribimos el apellido del usuario, Luis enters 'luis001fer@gmail.com' into Donde escribimos el Correo del usuario, Luis enters 'Spanish' into Donde escribimos el idioma del usuario, Luis clicks on Clic idioma buscado, Luis clicks on Click en Mes, Luis clicks on Selecciona Mes, Luis clicks on Click en el dÃ­a de nacimiento, Luis clicks on Selecciona DÃ­a, Luis clicks on Click en el aÃ±o de nacimiento, Luis clicks on Selecciona AÃ±o, Luis clicks on boton confirmar login]]
[Test worker] WARN net.thucydides.core.steps.BaseStepListener - stepFinished: current outcome:Registrar en el sitio Utest:Given Luis quiere registrarse en el sitio Utest [Luis open up [Luis opens the Utest page], Luis registro [Luis clicks on boton que nos muestra el formulario para iniciar sesion]], When inicia el proceso de registro en Utest
| strNombre | strApellido | strCorreo | strIdioma | strDia | strMes | strAno |
| Luis | Cuper | luis001fer@gmail.com | Spanish | 5 | June | 1997 | [Luis formulario [Luis enters 'Luis' into Donde escribimos el nombre del usuario, Luis enters 'Cuper' into Donde escribimos el apellido del usuario, Luis enters 'luis001fer@gmail.com' into Donde escribimos el Correo del usuario, Luis enters 'Spanish' into Donde escribimos el idioma del usuario, Luis clicks on Clic idioma buscado, Luis clicks on Click en Mes, Luis clicks on Selecciona Mes, Luis clicks on Click en el dÃ­a de nacimiento, Luis clicks on Selecciona DÃ­a, Luis clicks on Click en el aÃ±o de nacimiento, Luis clicks on Selecciona AÃ±o, Luis clicks on boton confirmar login]]
[Test worker] WARN net.thucydides.core.steps.BaseStepListener - stepFinished: current outcome:Registrar en el sitio Utest:Given Luis quiere registrarse en el sitio Utest [Luis open up [Luis opens the Utest page], Luis registro [Luis clicks on boton que nos muestra el formulario para iniciar sesion]], When inicia el proceso de registro en Utest
| strNombre | strApellido | strCorreo | strIdioma | strDia | strMes | strAno |
| Luis | Cuper | luis001fer@gmail.com | Spanish | 5 | June | 1997 | [Luis formulario [Luis enters 'Luis' into Donde escribimos el nombre del usuario, Luis enters 'Cuper' into Donde escribimos el apellido del usuario, Luis enters 'luis001fer@gmail.com' into Donde escribimos el Correo del usuario, Luis enters 'Spanish' into Donde escribimos el idioma del usuario, Luis clicks on Clic idioma buscado, Luis clicks on Click en Mes, Luis clicks on Selecciona Mes, Luis clicks on Click en el dÃ­a de nacimiento, Luis clicks on Selecciona DÃ­a, Luis clicks on Click en el aÃ±o de nacimiento, Luis clicks on Selecciona AÃ±o, Luis clicks on boton confirmar login]]
[Test worker] WARN net.thucydides.core.steps.BaseStepListener - stepStarted: net.thucydides.core.steps.ExecutedStepDescription@f1bec93
[Test worker] WARN net.thucydides.core.steps.BaseStepListener - stepFinished: current outcome:Registrar en el sitio Utest:Given Luis quiere registrarse en el sitio Utest [Luis open up [Luis opens the Utest page], Luis registro [Luis clicks on boton que nos muestra el formulario para iniciar sesion]], When inicia el proceso de registro en Utest
| strNombre | strApellido | strCorreo | strIdioma | strDia | strMes | strAno |
| Luis | Cuper | luis001fer@gmail.com | Spanish | 5 | June | 1997 | [Luis formulario [Luis enters 'Luis' into Donde escribimos el nombre del usuario, Luis enters 'Cuper' into Donde escribimos el apellido del usuario, Luis enters 'luis001fer@gmail.com' into Donde escribimos el Correo del usuario, Luis enters 'Spanish' into Donde escribimos el idioma del usuario, Luis clicks on Clic idioma buscado, Luis clicks on Click en Mes, Luis clicks on Selecciona Mes, Luis clicks on Click en el dÃ­a de nacimiento, Luis clicks on Selecciona DÃ­a, Luis clicks on Click en el aÃ±o de nacimiento, Luis clicks on Selecciona AÃ±o, Luis clicks on boton confirmar login]], Then verifica el proceso final de registro
[Test worker] WARN net.thucydides.core.steps.BaseStepListener - testFinished: Registrar en el sitio Utest:Given Luis quiere registrarse en el sitio Utest [Luis open up [Luis opens the Utest page], Luis registro [Luis clicks on boton que nos muestra el formulario para iniciar sesion]], When inicia el proceso de registro en Utest
| strNombre | strApellido | strCorreo | strIdioma | strDia | strMes | strAno |
| Luis | Cuper | luis001fer@gmail.com | Spanish | 5 | June | 1997 | [Luis formulario [Luis enters 'Luis' into Donde escribimos el nombre del usuario, Luis enters 'Cuper' into Donde escribimos el apellido del usuario, Luis enters 'luis001fer@gmail.com' into Donde escribimos el Correo del usuario, Luis enters 'Spanish' into Donde escribimos el idioma del usuario, Luis clicks on Clic idioma buscado, Luis clicks on Click en Mes, Luis clicks on Selecciona Mes, Luis clicks on Click en el dÃ­a de nacimiento, Luis clicks on Selecciona DÃ­a, Luis clicks on Click en el aÃ±o de nacimiento, Luis clicks on Selecciona AÃ±o, Luis clicks on boton confirmar login]], Then verifica el proceso final de registro
[Test worker] WARN net.thucydides.core.steps.BaseStepListener - TestOutcomes: [Registrar en el sitio Utest:Given Luis quiere registrarse en el sitio Utest [Luis open up [Luis opens the Utest page], Luis registro [Luis clicks on boton que nos muestra el formulario para iniciar sesion]], When inicia el proceso de registro en Utest
| strNombre | strApellido | strCorreo | strIdioma | strDia | strMes | strAno |
| Luis | Cuper | luis001fer@gmail.com | Spanish | 5 | June | 1997 | [Luis formulario [Luis enters 'Luis' into Donde escribimos el nombre del usuario, Luis enters 'Cuper' into Donde escribimos el apellido del usuario, Luis enters 'luis001fer@gmail.com' into Donde escribimos el Correo del usuario, Luis enters 'Spanish' into Donde escribimos el idioma del usuario, Luis clicks on Clic idioma buscado, Luis clicks on Click en Mes, Luis clicks on Selecciona Mes, Luis clicks on Click en el dÃ­a de nacimiento, Luis clicks on Selecciona DÃ­a, Luis clicks on Click en el aÃ±o de nacimiento, Luis clicks on Selecciona AÃ±o, Luis clicks on boton confirmar login]], Then verifica el proceso final de registro]
[Test worker] WARN net.thucydides.core.steps.BaseStepListener - Final testOutcomes: [Registrar en el sitio Utest:Given Luis quiere registrarse en el sitio Utest [Luis open up [Luis opens the Utest page], Luis registro [Luis clicks on boton que nos muestra el formulario para iniciar sesion]], When inicia el proceso de registro en Utest
| strNombre | strApellido | strCorreo | strIdioma | strDia | strMes | strAno |
| Luis | Cuper | luis001fer@gmail.com | Spanish | 5 | June | 1997 | [Luis formulario [Luis enters 'Luis' into Donde escribimos el nombre del usuario, Luis enters 'Cuper' into Donde escribimos el apellido del usuario, Luis enters 'luis001fer@gmail.com' into Donde escribimos el Correo del usuario, Luis enters 'Spanish' into Donde escribimos el idioma del usuario, Luis clicks on Clic idioma buscado, Luis clicks on Click en Mes, Luis clicks on Selecciona Mes, Luis clicks on Click en el dÃ­a de nacimiento, Luis clicks on Selecciona DÃ­a, Luis clicks on Click en el aÃ±o de nacimiento, Luis clicks on Selecciona AÃ±o, Luis clicks on boton confirmar login]], Then verifica el proceso final de registro]
[Test worker] INFO net.thucydides.core.steps.ConsoleLoggingListener - 
        __    _____ _____ ____ _____   ____   _    ____  ____  _____ ____  
  _     \ \  |_   _| ____/ ___|_   _| |  _ \ / \  / ___|/ ___|| ____|  _ \ 
 (_)_____| |   | | |  _| \___ \ | |   | |_) / _ \ \___ \\___ \|  _| | | | |
  _|_____| |   | | | |___ ___) || |   |  __/ ___ \ ___) |___) | |___| |_| |
 (_)     | |   |_| |_____|____/ |_|   |_| /_/   \_\____/|____/|_____|____/ 
        /_/                                                                

TEST PASSED: Registrar en el sitio Utest
----------------------------------------------------------------------------
]]></system-err>
</testsuite>
