<?xml version="1.0" encoding="UTF-8"?>
<testsuite name="Academy Choucair" tests="1" skipped="0" failures="0" errors="0" timestamp="2021-11-22T01:16:54" hostname="luispc" time="113.174">
  <properties/>
  <testcase name="Registrar en el sitio Utest" classname="Academy Choucair" time="113.174"/>
  <system-out><![CDATA[Complete Setup
Complete Setup
]]></system-out>
  <system-err><![CDATA[[Test worker] WARN net.thucydides.core.steps.BaseStepListener - stepStarted: net.thucydides.core.steps.ExecutedStepDescription@79039564
[Test worker] WARN net.thucydides.core.steps.BaseStepListener - stepStarted: net.thucydides.core.steps.ExecutedStepDescription@2eedcc2
[Test worker] WARN net.thucydides.core.steps.BaseStepListener - stepStarted: net.thucydides.core.steps.ExecutedStepDescription@4c28a5b4
nov 21, 2021 8:16:58 PM org.openqa.selenium.remote.DesiredCapabilities chrome
INFORMACIÓN: Using `new ChromeOptions()` is preferred to `DesiredCapabilities.chrome()`
[Test worker] INFO net.serenitybdd.core.webdriver.driverproviders.ProvideNewDriver - Instantiating driver
[Test worker] INFO net.serenitybdd.core.webdriver.driverproviders.ProvideNewDriver - Driver capabilities: Capabilities {acceptInsecureCerts: false, browserName: chrome, chrome.switches: --start-maximized, goog:chromeOptions: {args: [--start-maximized], extensions: []}, loggingPrefs: org.openqa.selenium.logging..., platform: ANY, version: }
Starting ChromeDriver 96.0.4664.45 (76e4c1bb2ab4671b8beba3444e61c0f17584b2fc-refs/branch-heads/4664@{#947}) on port 9003
Only local connections are allowed.
Please see https://chromedriver.chromium.org/security-considerations for suggestions on keeping ChromeDriver safe.
ChromeDriver was started successfully.
nov 21, 2021 8:17:10 PM org.openqa.selenium.remote.ProtocolHandshake createSession
INFORMACIÓN: Detected dialect: W3C
[Test worker] WARN net.thucydides.core.steps.BaseStepListener - stepFinished: current outcome:Registrar en el sitio Utest:Given Luis quiere registrarse en el sitio Utest [Luis open up [Luis opens the Utest page]]
[Test worker] WARN net.thucydides.core.steps.BaseStepListener - stepFinished: current outcome:Registrar en el sitio Utest:Given Luis quiere registrarse en el sitio Utest [Luis open up [Luis opens the Utest page]]
[Test worker] WARN net.thucydides.core.steps.BaseStepListener - stepStarted: net.thucydides.core.steps.ExecutedStepDescription@748b4e4
[Test worker] WARN net.thucydides.core.steps.BaseStepListener - stepStarted: net.thucydides.core.steps.ExecutedStepDescription@3f17ab4b
[Test worker] WARN net.thucydides.core.steps.BaseStepListener - stepFinished: current outcome:Registrar en el sitio Utest:Given Luis quiere registrarse en el sitio Utest [Luis open up [Luis opens the Utest page], Luis registro [Luis clicks on boton que nos muestra el formulario para iniciar sesion]]
[Test worker] WARN net.thucydides.core.steps.BaseStepListener - stepFinished: current outcome:Registrar en el sitio Utest:Given Luis quiere registrarse en el sitio Utest [Luis open up [Luis opens the Utest page], Luis registro [Luis clicks on boton que nos muestra el formulario para iniciar sesion]]
[Test worker] WARN net.thucydides.core.steps.BaseStepListener - stepFinished: current outcome:Registrar en el sitio Utest:Given Luis quiere registrarse en el sitio Utest [Luis open up [Luis opens the Utest page], Luis registro [Luis clicks on boton que nos muestra el formulario para iniciar sesion]]
[Test worker] WARN net.thucydides.core.steps.BaseStepListener - stepStarted: net.thucydides.core.steps.ExecutedStepDescription@55bf9a3e
[Test worker] WARN net.thucydides.core.steps.BaseStepListener - stepStarted: net.thucydides.core.steps.ExecutedStepDescription@54db5196
[Test worker] WARN net.thucydides.core.steps.BaseStepListener - stepStarted: net.thucydides.core.steps.ExecutedStepDescription@1729e3d1
[Test worker] WARN net.thucydides.core.steps.BaseStepListener - stepFinished: current outcome:Registrar en el sitio Utest:Given Luis quiere registrarse en el sitio Utest [Luis open up [Luis opens the Utest page], Luis registro [Luis clicks on boton que nos muestra el formulario para iniciar sesion]], When inicia el proceso de registro en Utest
| strNombre | strApellido | strCorreo | strIdioma | strDia | strMes | strAno | strClave |
| Luis | Cuper | luis002fer@gmail.com | Spanish | 5 | June | 1997 | 123456789Cuper | [Luis formulario [Luis enters 'Luis' into Donde escribimos el nombre del usuario]]
[Test worker] WARN net.thucydides.core.steps.BaseStepListener - stepStarted: net.thucydides.core.steps.ExecutedStepDescription@4d0a0511
[Test worker] WARN net.thucydides.core.steps.BaseStepListener - stepFinished: current outcome:Registrar en el sitio Utest:Given Luis quiere registrarse en el sitio Utest [Luis open up [Luis opens the Utest page], Luis registro [Luis clicks on boton que nos muestra el formulario para iniciar sesion]], When inicia el proceso de registro en Utest
| strNombre | strApellido | strCorreo | strIdioma | strDia | strMes | strAno | strClave |
| Luis | Cuper | luis002fer@gmail.com | Spanish | 5 | June | 1997 | 123456789Cuper | [Luis formulario [Luis enters 'Luis' into Donde escribimos el nombre del usuario, Luis enters 'Cuper' into Donde escribimos el apellido del usuario]]
[Test worker] WARN net.thucydides.core.steps.BaseStepListener - stepStarted: net.thucydides.core.steps.ExecutedStepDescription@63b5ce42
[Test worker] WARN net.thucydides.core.steps.BaseStepListener - stepFinished: current outcome:Registrar en el sitio Utest:Given Luis quiere registrarse en el sitio Utest [Luis open up [Luis opens the Utest page], Luis registro [Luis clicks on boton que nos muestra el formulario para iniciar sesion]], When inicia el proceso de registro en Utest
| strNombre | strApellido | strCorreo | strIdioma | strDia | strMes | strAno | strClave |
| Luis | Cuper | luis002fer@gmail.com | Spanish | 5 | June | 1997 | 123456789Cuper | [Luis formulario [Luis enters 'Luis' into Donde escribimos el nombre del usuario, Luis enters 'Cuper' into Donde escribimos el apellido del usuario, Luis enters 'luis002fer@gmail.com' into Donde escribimos el Correo del usuario]]
[Test worker] WARN net.thucydides.core.steps.BaseStepListener - stepStarted: net.thucydides.core.steps.ExecutedStepDescription@22899e5b
[Test worker] WARN net.thucydides.core.steps.BaseStepListener - stepFinished: current outcome:Registrar en el sitio Utest:Given Luis quiere registrarse en el sitio Utest [Luis open up [Luis opens the Utest page], Luis registro [Luis clicks on boton que nos muestra el formulario para iniciar sesion]], When inicia el proceso de registro en Utest
| strNombre | strApellido | strCorreo | strIdioma | strDia | strMes | strAno | strClave |
| Luis | Cuper | luis002fer@gmail.com | Spanish | 5 | June | 1997 | 123456789Cuper | [Luis formulario [Luis enters 'Luis' into Donde escribimos el nombre del usuario, Luis enters 'Cuper' into Donde escribimos el apellido del usuario, Luis enters 'luis002fer@gmail.com' into Donde escribimos el Correo del usuario, Luis enters 'Spanish' into Donde escribimos el idioma del usuario]]
[Test worker] WARN net.thucydides.core.steps.BaseStepListener - stepStarted: net.thucydides.core.steps.ExecutedStepDescription@597a0519
[Test worker] WARN net.thucydides.core.steps.BaseStepListener - stepFinished: current outcome:Registrar en el sitio Utest:Given Luis quiere registrarse en el sitio Utest [Luis open up [Luis opens the Utest page], Luis registro [Luis clicks on boton que nos muestra el formulario para iniciar sesion]], When inicia el proceso de registro en Utest
| strNombre | strApellido | strCorreo | strIdioma | strDia | strMes | strAno | strClave |
| Luis | Cuper | luis002fer@gmail.com | Spanish | 5 | June | 1997 | 123456789Cuper | [Luis formulario [Luis enters 'Luis' into Donde escribimos el nombre del usuario, Luis enters 'Cuper' into Donde escribimos el apellido del usuario, Luis enters 'luis002fer@gmail.com' into Donde escribimos el Correo del usuario, Luis enters 'Spanish' into Donde escribimos el idioma del usuario, Luis clicks on Clic idioma buscado]]
[Test worker] WARN net.thucydides.core.steps.BaseStepListener - stepStarted: net.thucydides.core.steps.ExecutedStepDescription@1c2656ac
[Test worker] WARN net.thucydides.core.steps.BaseStepListener - stepFinished: current outcome:Registrar en el sitio Utest:Given Luis quiere registrarse en el sitio Utest [Luis open up [Luis opens the Utest page], Luis registro [Luis clicks on boton que nos muestra el formulario para iniciar sesion]], When inicia el proceso de registro en Utest
| strNombre | strApellido | strCorreo | strIdioma | strDia | strMes | strAno | strClave |
| Luis | Cuper | luis002fer@gmail.com | Spanish | 5 | June | 1997 | 123456789Cuper | [Luis formulario [Luis enters 'Luis' into Donde escribimos el nombre del usuario, Luis enters 'Cuper' into Donde escribimos el apellido del usuario, Luis enters 'luis002fer@gmail.com' into Donde escribimos el Correo del usuario, Luis enters 'Spanish' into Donde escribimos el idioma del usuario, Luis clicks on Clic idioma buscado, Luis clicks on Click en Mes]]
[Test worker] WARN net.thucydides.core.steps.BaseStepListener - stepStarted: net.thucydides.core.steps.ExecutedStepDescription@a84ceeb
[Test worker] WARN net.thucydides.core.steps.BaseStepListener - stepFinished: current outcome:Registrar en el sitio Utest:Given Luis quiere registrarse en el sitio Utest [Luis open up [Luis opens the Utest page], Luis registro [Luis clicks on boton que nos muestra el formulario para iniciar sesion]], When inicia el proceso de registro en Utest
| strNombre | strApellido | strCorreo | strIdioma | strDia | strMes | strAno | strClave |
| Luis | Cuper | luis002fer@gmail.com | Spanish | 5 | June | 1997 | 123456789Cuper | [Luis formulario [Luis enters 'Luis' into Donde escribimos el nombre del usuario, Luis enters 'Cuper' into Donde escribimos el apellido del usuario, Luis enters 'luis002fer@gmail.com' into Donde escribimos el Correo del usuario, Luis enters 'Spanish' into Donde escribimos el idioma del usuario, Luis clicks on Clic idioma buscado, Luis clicks on Click en Mes, Luis clicks on Selecciona Mes]]
[Test worker] WARN net.thucydides.core.steps.BaseStepListener - stepStarted: net.thucydides.core.steps.ExecutedStepDescription@2270bf61
[Test worker] WARN net.thucydides.core.steps.BaseStepListener - stepFinished: current outcome:Registrar en el sitio Utest:Given Luis quiere registrarse en el sitio Utest [Luis open up [Luis opens the Utest page], Luis registro [Luis clicks on boton que nos muestra el formulario para iniciar sesion]], When inicia el proceso de registro en Utest
| strNombre | strApellido | strCorreo | strIdioma | strDia | strMes | strAno | strClave |
| Luis | Cuper | luis002fer@gmail.com | Spanish | 5 | June | 1997 | 123456789Cuper | [Luis formulario [Luis enters 'Luis' into Donde escribimos el nombre del usuario, Luis enters 'Cuper' into Donde escribimos el apellido del usuario, Luis enters 'luis002fer@gmail.com' into Donde escribimos el Correo del usuario, Luis enters 'Spanish' into Donde escribimos el idioma del usuario, Luis clicks on Clic idioma buscado, Luis clicks on Click en Mes, Luis clicks on Selecciona Mes, Luis clicks on Click en el dÃ­a de nacimiento]]
[Test worker] WARN net.thucydides.core.steps.BaseStepListener - stepStarted: net.thucydides.core.steps.ExecutedStepDescription@2cc70045
[Test worker] WARN net.thucydides.core.steps.BaseStepListener - stepFinished: current outcome:Registrar en el sitio Utest:Given Luis quiere registrarse en el sitio Utest [Luis open up [Luis opens the Utest page], Luis registro [Luis clicks on boton que nos muestra el formulario para iniciar sesion]], When inicia el proceso de registro en Utest
| strNombre | strApellido | strCorreo | strIdioma | strDia | strMes | strAno | strClave |
| Luis | Cuper | luis002fer@gmail.com | Spanish | 5 | June | 1997 | 123456789Cuper | [Luis formulario [Luis enters 'Luis' into Donde escribimos el nombre del usuario, Luis enters 'Cuper' into Donde escribimos el apellido del usuario, Luis enters 'luis002fer@gmail.com' into Donde escribimos el Correo del usuario, Luis enters 'Spanish' into Donde escribimos el idioma del usuario, Luis clicks on Clic idioma buscado, Luis clicks on Click en Mes, Luis clicks on Selecciona Mes, Luis clicks on Click en el dÃ­a de nacimiento, Luis clicks on Selecciona DÃ­a]]
[Test worker] WARN net.thucydides.core.steps.BaseStepListener - stepStarted: net.thucydides.core.steps.ExecutedStepDescription@732bf923
[Test worker] WARN net.thucydides.core.steps.BaseStepListener - stepFinished: current outcome:Registrar en el sitio Utest:Given Luis quiere registrarse en el sitio Utest [Luis open up [Luis opens the Utest page], Luis registro [Luis clicks on boton que nos muestra el formulario para iniciar sesion]], When inicia el proceso de registro en Utest
| strNombre | strApellido | strCorreo | strIdioma | strDia | strMes | strAno | strClave |
| Luis | Cuper | luis002fer@gmail.com | Spanish | 5 | June | 1997 | 123456789Cuper | [Luis formulario [Luis enters 'Luis' into Donde escribimos el nombre del usuario, Luis enters 'Cuper' into Donde escribimos el apellido del usuario, Luis enters 'luis002fer@gmail.com' into Donde escribimos el Correo del usuario, Luis enters 'Spanish' into Donde escribimos el idioma del usuario, Luis clicks on Clic idioma buscado, Luis clicks on Click en Mes, Luis clicks on Selecciona Mes, Luis clicks on Click en el dÃ­a de nacimiento, Luis clicks on Selecciona DÃ­a, Luis clicks on Click en el aÃ±o de nacimiento]]
[Test worker] WARN net.thucydides.core.steps.BaseStepListener - stepStarted: net.thucydides.core.steps.ExecutedStepDescription@40e894aa
[Test worker] WARN net.thucydides.core.steps.BaseStepListener - stepFinished: current outcome:Registrar en el sitio Utest:Given Luis quiere registrarse en el sitio Utest [Luis open up [Luis opens the Utest page], Luis registro [Luis clicks on boton que nos muestra el formulario para iniciar sesion]], When inicia el proceso de registro en Utest
| strNombre | strApellido | strCorreo | strIdioma | strDia | strMes | strAno | strClave |
| Luis | Cuper | luis002fer@gmail.com | Spanish | 5 | June | 1997 | 123456789Cuper | [Luis formulario [Luis enters 'Luis' into Donde escribimos el nombre del usuario, Luis enters 'Cuper' into Donde escribimos el apellido del usuario, Luis enters 'luis002fer@gmail.com' into Donde escribimos el Correo del usuario, Luis enters 'Spanish' into Donde escribimos el idioma del usuario, Luis clicks on Clic idioma buscado, Luis clicks on Click en Mes, Luis clicks on Selecciona Mes, Luis clicks on Click en el dÃ­a de nacimiento, Luis clicks on Selecciona DÃ­a, Luis clicks on Click en el aÃ±o de nacimiento, Luis clicks on Selecciona AÃ±o]]
[Test worker] WARN net.thucydides.core.steps.BaseStepListener - stepStarted: net.thucydides.core.steps.ExecutedStepDescription@132de1f2
[Test worker] WARN net.thucydides.core.steps.BaseStepListener - stepFinished: current outcome:Registrar en el sitio Utest:Given Luis quiere registrarse en el sitio Utest [Luis open up [Luis opens the Utest page], Luis registro [Luis clicks on boton que nos muestra el formulario para iniciar sesion]], When inicia el proceso de registro en Utest
| strNombre | strApellido | strCorreo | strIdioma | strDia | strMes | strAno | strClave |
| Luis | Cuper | luis002fer@gmail.com | Spanish | 5 | June | 1997 | 123456789Cuper | [Luis formulario [Luis enters 'Luis' into Donde escribimos el nombre del usuario, Luis enters 'Cuper' into Donde escribimos el apellido del usuario, Luis enters 'luis002fer@gmail.com' into Donde escribimos el Correo del usuario, Luis enters 'Spanish' into Donde escribimos el idioma del usuario, Luis clicks on Clic idioma buscado, Luis clicks on Click en Mes, Luis clicks on Selecciona Mes, Luis clicks on Click en el dÃ­a de nacimiento, Luis clicks on Selecciona DÃ­a, Luis clicks on Click en el aÃ±o de nacimiento, Luis clicks on Selecciona AÃ±o, Luis clicks on boton confirmar login]]
[Test worker] WARN net.thucydides.core.steps.BaseStepListener - stepStarted: net.thucydides.core.steps.ExecutedStepDescription@5492b33d
[Test worker] WARN net.thucydides.core.steps.BaseStepListener - stepFinished: current outcome:Registrar en el sitio Utest:Given Luis quiere registrarse en el sitio Utest [Luis open up [Luis opens the Utest page], Luis registro [Luis clicks on boton que nos muestra el formulario para iniciar sesion]], When inicia el proceso de registro en Utest
| strNombre | strApellido | strCorreo | strIdioma | strDia | strMes | strAno | strClave |
| Luis | Cuper | luis002fer@gmail.com | Spanish | 5 | June | 1997 | 123456789Cuper | [Luis formulario [Luis enters 'Luis' into Donde escribimos el nombre del usuario, Luis enters 'Cuper' into Donde escribimos el apellido del usuario, Luis enters 'luis002fer@gmail.com' into Donde escribimos el Correo del usuario, Luis enters 'Spanish' into Donde escribimos el idioma del usuario, Luis clicks on Clic idioma buscado, Luis clicks on Click en Mes, Luis clicks on Selecciona Mes, Luis clicks on Click en el dÃ­a de nacimiento, Luis clicks on Selecciona DÃ­a, Luis clicks on Click en el aÃ±o de nacimiento, Luis clicks on Selecciona AÃ±o, Luis clicks on boton confirmar login, Luis clicks on boton confirmar login]]
[Test worker] WARN net.thucydides.core.steps.BaseStepListener - stepStarted: net.thucydides.core.steps.ExecutedStepDescription@56dcaac3
[Test worker] WARN net.thucydides.core.steps.BaseStepListener - stepFinished: current outcome:Registrar en el sitio Utest:Given Luis quiere registrarse en el sitio Utest [Luis open up [Luis opens the Utest page], Luis registro [Luis clicks on boton que nos muestra el formulario para iniciar sesion]], When inicia el proceso de registro en Utest
| strNombre | strApellido | strCorreo | strIdioma | strDia | strMes | strAno | strClave |
| Luis | Cuper | luis002fer@gmail.com | Spanish | 5 | June | 1997 | 123456789Cuper | [Luis formulario [Luis enters 'Luis' into Donde escribimos el nombre del usuario, Luis enters 'Cuper' into Donde escribimos el apellido del usuario, Luis enters 'luis002fer@gmail.com' into Donde escribimos el Correo del usuario, Luis enters 'Spanish' into Donde escribimos el idioma del usuario, Luis clicks on Clic idioma buscado, Luis clicks on Click en Mes, Luis clicks on Selecciona Mes, Luis clicks on Click en el dÃ­a de nacimiento, Luis clicks on Selecciona DÃ­a, Luis clicks on Click en el aÃ±o de nacimiento, Luis clicks on Selecciona AÃ±o, Luis clicks on boton confirmar login, Luis clicks on boton confirmar login, Luis clicks on boton confirmar login]]
[Test worker] WARN net.thucydides.core.steps.BaseStepListener - stepStarted: net.thucydides.core.steps.ExecutedStepDescription@52145aa3
[Test worker] WARN net.thucydides.core.steps.BaseStepListener - stepFinished: current outcome:Registrar en el sitio Utest:Given Luis quiere registrarse en el sitio Utest [Luis open up [Luis opens the Utest page], Luis registro [Luis clicks on boton que nos muestra el formulario para iniciar sesion]], When inicia el proceso de registro en Utest
| strNombre | strApellido | strCorreo | strIdioma | strDia | strMes | strAno | strClave |
| Luis | Cuper | luis002fer@gmail.com | Spanish | 5 | June | 1997 | 123456789Cuper | [Luis formulario [Luis enters 'Luis' into Donde escribimos el nombre del usuario, Luis enters 'Cuper' into Donde escribimos el apellido del usuario, Luis enters 'luis002fer@gmail.com' into Donde escribimos el Correo del usuario, Luis enters 'Spanish' into Donde escribimos el idioma del usuario, Luis clicks on Clic idioma buscado, Luis clicks on Click en Mes, Luis clicks on Selecciona Mes, Luis clicks on Click en el dÃ­a de nacimiento, Luis clicks on Selecciona DÃ­a, Luis clicks on Click en el aÃ±o de nacimiento, Luis clicks on Selecciona AÃ±o, Luis clicks on boton confirmar login, Luis clicks on boton confirmar login, Luis clicks on boton confirmar login, Luis enters '123456789Cuper' into Escribimos la Clave del usuario]]
[Test worker] WARN net.thucydides.core.steps.BaseStepListener - stepStarted: net.thucydides.core.steps.ExecutedStepDescription@264d4b12
[Test worker] WARN net.thucydides.core.steps.BaseStepListener - stepFinished: current outcome:Registrar en el sitio Utest:Given Luis quiere registrarse en el sitio Utest [Luis open up [Luis opens the Utest page], Luis registro [Luis clicks on boton que nos muestra el formulario para iniciar sesion]], When inicia el proceso de registro en Utest
| strNombre | strApellido | strCorreo | strIdioma | strDia | strMes | strAno | strClave |
| Luis | Cuper | luis002fer@gmail.com | Spanish | 5 | June | 1997 | 123456789Cuper | [Luis formulario [Luis enters 'Luis' into Donde escribimos el nombre del usuario, Luis enters 'Cuper' into Donde escribimos el apellido del usuario, Luis enters 'luis002fer@gmail.com' into Donde escribimos el Correo del usuario, Luis enters 'Spanish' into Donde escribimos el idioma del usuario, Luis clicks on Clic idioma buscado, Luis clicks on Click en Mes, Luis clicks on Selecciona Mes, Luis clicks on Click en el dÃ­a de nacimiento, Luis clicks on Selecciona DÃ­a, Luis clicks on Click en el aÃ±o de nacimiento, Luis clicks on Selecciona AÃ±o, Luis clicks on boton confirmar login, Luis clicks on boton confirmar login, Luis clicks on boton confirmar login, Luis enters '123456789Cuper' into Escribimos la Clave del usuario, Luis enters '123456789Cuper' into Escribimos nuevamente la Clave del usuario]]
[Test worker] WARN net.thucydides.core.steps.BaseStepListener - stepStarted: net.thucydides.core.steps.ExecutedStepDescription@2a16ddfc
[Test worker] WARN net.thucydides.core.steps.BaseStepListener - stepFinished: current outcome:Registrar en el sitio Utest:Given Luis quiere registrarse en el sitio Utest [Luis open up [Luis opens the Utest page], Luis registro [Luis clicks on boton que nos muestra el formulario para iniciar sesion]], When inicia el proceso de registro en Utest
| strNombre | strApellido | strCorreo | strIdioma | strDia | strMes | strAno | strClave |
| Luis | Cuper | luis002fer@gmail.com | Spanish | 5 | June | 1997 | 123456789Cuper | [Luis formulario [Luis enters 'Luis' into Donde escribimos el nombre del usuario, Luis enters 'Cuper' into Donde escribimos el apellido del usuario, Luis enters 'luis002fer@gmail.com' into Donde escribimos el Correo del usuario, Luis enters 'Spanish' into Donde escribimos el idioma del usuario, Luis clicks on Clic idioma buscado, Luis clicks on Click en Mes, Luis clicks on Selecciona Mes, Luis clicks on Click en el dÃ­a de nacimiento, Luis clicks on Selecciona DÃ­a, Luis clicks on Click en el aÃ±o de nacimiento, Luis clicks on Selecciona AÃ±o, Luis clicks on boton confirmar login, Luis clicks on boton confirmar login, Luis clicks on boton confirmar login, Luis enters '123456789Cuper' into Escribimos la Clave del usuario, Luis enters '123456789Cuper' into Escribimos nuevamente la Clave del usuario, Luis clicks on Suscribe al usuario a recibir E-mails]]
[Test worker] WARN net.thucydides.core.steps.BaseStepListener - stepStarted: net.thucydides.core.steps.ExecutedStepDescription@112d44f3
[Test worker] WARN net.thucydides.core.steps.BaseStepListener - stepFinished: current outcome:Registrar en el sitio Utest:Given Luis quiere registrarse en el sitio Utest [Luis open up [Luis opens the Utest page], Luis registro [Luis clicks on boton que nos muestra el formulario para iniciar sesion]], When inicia el proceso de registro en Utest
| strNombre | strApellido | strCorreo | strIdioma | strDia | strMes | strAno | strClave |
| Luis | Cuper | luis002fer@gmail.com | Spanish | 5 | June | 1997 | 123456789Cuper | [Luis formulario [Luis enters 'Luis' into Donde escribimos el nombre del usuario, Luis enters 'Cuper' into Donde escribimos el apellido del usuario, Luis enters 'luis002fer@gmail.com' into Donde escribimos el Correo del usuario, Luis enters 'Spanish' into Donde escribimos el idioma del usuario, Luis clicks on Clic idioma buscado, Luis clicks on Click en Mes, Luis clicks on Selecciona Mes, Luis clicks on Click en el dÃ­a de nacimiento, Luis clicks on Selecciona DÃ­a, Luis clicks on Click en el aÃ±o de nacimiento, Luis clicks on Selecciona AÃ±o, Luis clicks on boton confirmar login, Luis clicks on boton confirmar login, Luis clicks on boton confirmar login, Luis enters '123456789Cuper' into Escribimos la Clave del usuario, Luis enters '123456789Cuper' into Escribimos nuevamente la Clave del usuario, Luis clicks on Suscribe al usuario a recibir E-mails, Luis clicks on Acepta terminos]]
[Test worker] WARN net.thucydides.core.steps.BaseStepListener - stepStarted: net.thucydides.core.steps.ExecutedStepDescription@1ed5672c
[Test worker] WARN net.thucydides.core.steps.BaseStepListener - stepFinished: current outcome:Registrar en el sitio Utest:Given Luis quiere registrarse en el sitio Utest [Luis open up [Luis opens the Utest page], Luis registro [Luis clicks on boton que nos muestra el formulario para iniciar sesion]], When inicia el proceso de registro en Utest
| strNombre | strApellido | strCorreo | strIdioma | strDia | strMes | strAno | strClave |
| Luis | Cuper | luis002fer@gmail.com | Spanish | 5 | June | 1997 | 123456789Cuper | [Luis formulario [Luis enters 'Luis' into Donde escribimos el nombre del usuario, Luis enters 'Cuper' into Donde escribimos el apellido del usuario, Luis enters 'luis002fer@gmail.com' into Donde escribimos el Correo del usuario, Luis enters 'Spanish' into Donde escribimos el idioma del usuario, Luis clicks on Clic idioma buscado, Luis clicks on Click en Mes, Luis clicks on Selecciona Mes, Luis clicks on Click en el dÃ­a de nacimiento, Luis clicks on Selecciona DÃ­a, Luis clicks on Click en el aÃ±o de nacimiento, Luis clicks on Selecciona AÃ±o, Luis clicks on boton confirmar login, Luis clicks on boton confirmar login, Luis clicks on boton confirmar login, Luis enters '123456789Cuper' into Escribimos la Clave del usuario, Luis enters '123456789Cuper' into Escribimos nuevamente la Clave del usuario, Luis clicks on Suscribe al usuario a recibir E-mails, Luis clicks on Acepta terminos, Luis clicks on Acepta Privacidad]]
[Test worker] WARN net.thucydides.core.steps.BaseStepListener - stepFinished: current outcome:Registrar en el sitio Utest:Given Luis quiere registrarse en el sitio Utest [Luis open up [Luis opens the Utest page], Luis registro [Luis clicks on boton que nos muestra el formulario para iniciar sesion]], When inicia el proceso de registro en Utest
| strNombre | strApellido | strCorreo | strIdioma | strDia | strMes | strAno | strClave |
| Luis | Cuper | luis002fer@gmail.com | Spanish | 5 | June | 1997 | 123456789Cuper | [Luis formulario [Luis enters 'Luis' into Donde escribimos el nombre del usuario, Luis enters 'Cuper' into Donde escribimos el apellido del usuario, Luis enters 'luis002fer@gmail.com' into Donde escribimos el Correo del usuario, Luis enters 'Spanish' into Donde escribimos el idioma del usuario, Luis clicks on Clic idioma buscado, Luis clicks on Click en Mes, Luis clicks on Selecciona Mes, Luis clicks on Click en el dÃ­a de nacimiento, Luis clicks on Selecciona DÃ­a, Luis clicks on Click en el aÃ±o de nacimiento, Luis clicks on Selecciona AÃ±o, Luis clicks on boton confirmar login, Luis clicks on boton confirmar login, Luis clicks on boton confirmar login, Luis enters '123456789Cuper' into Escribimos la Clave del usuario, Luis enters '123456789Cuper' into Escribimos nuevamente la Clave del usuario, Luis clicks on Suscribe al usuario a recibir E-mails, Luis clicks on Acepta terminos, Luis clicks on Acepta Privacidad]]
[Test worker] WARN net.thucydides.core.steps.BaseStepListener - stepFinished: current outcome:Registrar en el sitio Utest:Given Luis quiere registrarse en el sitio Utest [Luis open up [Luis opens the Utest page], Luis registro [Luis clicks on boton que nos muestra el formulario para iniciar sesion]], When inicia el proceso de registro en Utest
| strNombre | strApellido | strCorreo | strIdioma | strDia | strMes | strAno | strClave |
| Luis | Cuper | luis002fer@gmail.com | Spanish | 5 | June | 1997 | 123456789Cuper | [Luis formulario [Luis enters 'Luis' into Donde escribimos el nombre del usuario, Luis enters 'Cuper' into Donde escribimos el apellido del usuario, Luis enters 'luis002fer@gmail.com' into Donde escribimos el Correo del usuario, Luis enters 'Spanish' into Donde escribimos el idioma del usuario, Luis clicks on Clic idioma buscado, Luis clicks on Click en Mes, Luis clicks on Selecciona Mes, Luis clicks on Click en el dÃ­a de nacimiento, Luis clicks on Selecciona DÃ­a, Luis clicks on Click en el aÃ±o de nacimiento, Luis clicks on Selecciona AÃ±o, Luis clicks on boton confirmar login, Luis clicks on boton confirmar login, Luis clicks on boton confirmar login, Luis enters '123456789Cuper' into Escribimos la Clave del usuario, Luis enters '123456789Cuper' into Escribimos nuevamente la Clave del usuario, Luis clicks on Suscribe al usuario a recibir E-mails, Luis clicks on Acepta terminos, Luis clicks on Acepta Privacidad]]
[Test worker] WARN net.thucydides.core.steps.BaseStepListener - stepStarted: net.thucydides.core.steps.ExecutedStepDescription@4333bec3
[Test worker] WARN net.thucydides.core.steps.BaseStepListener - stepStarted: net.thucydides.core.steps.ExecutedStepDescription@2518e06a
[Test worker] WARN net.thucydides.core.steps.BaseStepListener - stepFinished: current outcome:Registrar en el sitio Utest:Given Luis quiere registrarse en el sitio Utest [Luis open up [Luis opens the Utest page], Luis registro [Luis clicks on boton que nos muestra el formulario para iniciar sesion]], When inicia el proceso de registro en Utest
| strNombre | strApellido | strCorreo | strIdioma | strDia | strMes | strAno | strClave |
| Luis | Cuper | luis002fer@gmail.com | Spanish | 5 | June | 1997 | 123456789Cuper | [Luis formulario [Luis enters 'Luis' into Donde escribimos el nombre del usuario, Luis enters 'Cuper' into Donde escribimos el apellido del usuario, Luis enters 'luis002fer@gmail.com' into Donde escribimos el Correo del usuario, Luis enters 'Spanish' into Donde escribimos el idioma del usuario, Luis clicks on Clic idioma buscado, Luis clicks on Click en Mes, Luis clicks on Selecciona Mes, Luis clicks on Click en el dÃ­a de nacimiento, Luis clicks on Selecciona DÃ­a, Luis clicks on Click en el aÃ±o de nacimiento, Luis clicks on Selecciona AÃ±o, Luis clicks on boton confirmar login, Luis clicks on boton confirmar login, Luis clicks on boton confirmar login, Luis enters '123456789Cuper' into Escribimos la Clave del usuario, Luis enters '123456789Cuper' into Escribimos nuevamente la Clave del usuario, Luis clicks on Suscribe al usuario a recibir E-mails, Luis clicks on Acepta terminos, Luis clicks on Acepta Privacidad]], Then verifica el proceso final de registro
| strTitulo |
| Complete Setup | [Then answer]
[Test worker] WARN net.thucydides.core.steps.BaseStepListener - stepFinished: current outcome:Registrar en el sitio Utest:Given Luis quiere registrarse en el sitio Utest [Luis open up [Luis opens the Utest page], Luis registro [Luis clicks on boton que nos muestra el formulario para iniciar sesion]], When inicia el proceso de registro en Utest
| strNombre | strApellido | strCorreo | strIdioma | strDia | strMes | strAno | strClave |
| Luis | Cuper | luis002fer@gmail.com | Spanish | 5 | June | 1997 | 123456789Cuper | [Luis formulario [Luis enters 'Luis' into Donde escribimos el nombre del usuario, Luis enters 'Cuper' into Donde escribimos el apellido del usuario, Luis enters 'luis002fer@gmail.com' into Donde escribimos el Correo del usuario, Luis enters 'Spanish' into Donde escribimos el idioma del usuario, Luis clicks on Clic idioma buscado, Luis clicks on Click en Mes, Luis clicks on Selecciona Mes, Luis clicks on Click en el dÃ­a de nacimiento, Luis clicks on Selecciona DÃ­a, Luis clicks on Click en el aÃ±o de nacimiento, Luis clicks on Selecciona AÃ±o, Luis clicks on boton confirmar login, Luis clicks on boton confirmar login, Luis clicks on boton confirmar login, Luis enters '123456789Cuper' into Escribimos la Clave del usuario, Luis enters '123456789Cuper' into Escribimos nuevamente la Clave del usuario, Luis clicks on Suscribe al usuario a recibir E-mails, Luis clicks on Acepta terminos, Luis clicks on Acepta Privacidad]], Then verifica el proceso final de registro
| strTitulo |
| Complete Setup | [Then answer]
[Test worker] WARN net.thucydides.core.steps.BaseStepListener - testFinished: Registrar en el sitio Utest:Given Luis quiere registrarse en el sitio Utest [Luis open up [Luis opens the Utest page], Luis registro [Luis clicks on boton que nos muestra el formulario para iniciar sesion]], When inicia el proceso de registro en Utest
| strNombre | strApellido | strCorreo | strIdioma | strDia | strMes | strAno | strClave |
| Luis | Cuper | luis002fer@gmail.com | Spanish | 5 | June | 1997 | 123456789Cuper | [Luis formulario [Luis enters 'Luis' into Donde escribimos el nombre del usuario, Luis enters 'Cuper' into Donde escribimos el apellido del usuario, Luis enters 'luis002fer@gmail.com' into Donde escribimos el Correo del usuario, Luis enters 'Spanish' into Donde escribimos el idioma del usuario, Luis clicks on Clic idioma buscado, Luis clicks on Click en Mes, Luis clicks on Selecciona Mes, Luis clicks on Click en el dÃ­a de nacimiento, Luis clicks on Selecciona DÃ­a, Luis clicks on Click en el aÃ±o de nacimiento, Luis clicks on Selecciona AÃ±o, Luis clicks on boton confirmar login, Luis clicks on boton confirmar login, Luis clicks on boton confirmar login, Luis enters '123456789Cuper' into Escribimos la Clave del usuario, Luis enters '123456789Cuper' into Escribimos nuevamente la Clave del usuario, Luis clicks on Suscribe al usuario a recibir E-mails, Luis clicks on Acepta terminos, Luis clicks on Acepta Privacidad]], Then verifica el proceso final de registro
| strTitulo |
| Complete Setup | [Then answer]
[Test worker] WARN net.thucydides.core.steps.BaseStepListener - TestOutcomes: [Registrar en el sitio Utest:Given Luis quiere registrarse en el sitio Utest [Luis open up [Luis opens the Utest page], Luis registro [Luis clicks on boton que nos muestra el formulario para iniciar sesion]], When inicia el proceso de registro en Utest
| strNombre | strApellido | strCorreo | strIdioma | strDia | strMes | strAno | strClave |
| Luis | Cuper | luis002fer@gmail.com | Spanish | 5 | June | 1997 | 123456789Cuper | [Luis formulario [Luis enters 'Luis' into Donde escribimos el nombre del usuario, Luis enters 'Cuper' into Donde escribimos el apellido del usuario, Luis enters 'luis002fer@gmail.com' into Donde escribimos el Correo del usuario, Luis enters 'Spanish' into Donde escribimos el idioma del usuario, Luis clicks on Clic idioma buscado, Luis clicks on Click en Mes, Luis clicks on Selecciona Mes, Luis clicks on Click en el dÃ­a de nacimiento, Luis clicks on Selecciona DÃ­a, Luis clicks on Click en el aÃ±o de nacimiento, Luis clicks on Selecciona AÃ±o, Luis clicks on boton confirmar login, Luis clicks on boton confirmar login, Luis clicks on boton confirmar login, Luis enters '123456789Cuper' into Escribimos la Clave del usuario, Luis enters '123456789Cuper' into Escribimos nuevamente la Clave del usuario, Luis clicks on Suscribe al usuario a recibir E-mails, Luis clicks on Acepta terminos, Luis clicks on Acepta Privacidad]], Then verifica el proceso final de registro
| strTitulo |
| Complete Setup | [Then answer]]
[Test worker] WARN net.thucydides.core.steps.BaseStepListener - Final testOutcomes: [Registrar en el sitio Utest:Given Luis quiere registrarse en el sitio Utest [Luis open up [Luis opens the Utest page], Luis registro [Luis clicks on boton que nos muestra el formulario para iniciar sesion]], When inicia el proceso de registro en Utest
| strNombre | strApellido | strCorreo | strIdioma | strDia | strMes | strAno | strClave |
| Luis | Cuper | luis002fer@gmail.com | Spanish | 5 | June | 1997 | 123456789Cuper | [Luis formulario [Luis enters 'Luis' into Donde escribimos el nombre del usuario, Luis enters 'Cuper' into Donde escribimos el apellido del usuario, Luis enters 'luis002fer@gmail.com' into Donde escribimos el Correo del usuario, Luis enters 'Spanish' into Donde escribimos el idioma del usuario, Luis clicks on Clic idioma buscado, Luis clicks on Click en Mes, Luis clicks on Selecciona Mes, Luis clicks on Click en el dÃ­a de nacimiento, Luis clicks on Selecciona DÃ­a, Luis clicks on Click en el aÃ±o de nacimiento, Luis clicks on Selecciona AÃ±o, Luis clicks on boton confirmar login, Luis clicks on boton confirmar login, Luis clicks on boton confirmar login, Luis enters '123456789Cuper' into Escribimos la Clave del usuario, Luis enters '123456789Cuper' into Escribimos nuevamente la Clave del usuario, Luis clicks on Suscribe al usuario a recibir E-mails, Luis clicks on Acepta terminos, Luis clicks on Acepta Privacidad]], Then verifica el proceso final de registro
| strTitulo |
| Complete Setup | [Then answer]]
[Test worker] INFO net.thucydides.core.steps.ConsoleLoggingListener - 
        __    _____ _____ ____ _____   ____   _    ____  ____  _____ ____  
  _     \ \  |_   _| ____/ ___|_   _| |  _ \ / \  / ___|/ ___|| ____|  _ \ 
 (_)_____| |   | | |  _| \___ \ | |   | |_) / _ \ \___ \\___ \|  _| | | | |
  _|_____| |   | | | |___ ___) || |   |  __/ ___ \ ___) |___) | |___| |_| |
 (_)     | |   |_| |_____|____/ |_|   |_| /_/   \_\____/|____/|_____|____/ 
        /_/                                                                

TEST PASSED: Registrar en el sitio Utest
----------------------------------------------------------------------------
]]></system-err>
</testsuite>
